\BOOKMARK [0][-]{chapter.1}{R as a powerful calculator}{}% 1
\BOOKMARK [1][-]{section.1.1}{Working in the R console}{chapter.1}% 2
\BOOKMARK [1][-]{section.1.2}{Examples with numbers}{chapter.1}% 3
\BOOKMARK [1][-]{section.1.3}{Examples with logical values}{chapter.1}% 4
\BOOKMARK [1][-]{section.1.4}{Comparison operators}{chapter.1}% 5
\BOOKMARK [1][-]{section.1.5}{Character values}{chapter.1}% 6
\BOOKMARK [1][-]{section.1.6}{Finding the `mode' of objects}{chapter.1}% 7
\BOOKMARK [1][-]{section.1.7}{Type conversions}{chapter.1}% 8
\BOOKMARK [1][-]{section.1.8}{Vectors}{chapter.1}% 9
\BOOKMARK [1][-]{section.1.9}{Factors}{chapter.1}% 10
\BOOKMARK [1][-]{section.1.10}{Lists}{chapter.1}% 11
\BOOKMARK [1][-]{section.1.11}{Data frames}{chapter.1}% 12
\BOOKMARK [1][-]{section.1.12}{Simple built-in statistical functions}{chapter.1}% 13
\BOOKMARK [1][-]{section.1.13}{Functions and execution flow control}{chapter.1}% 14
\BOOKMARK [0][-]{chapter.2}{R Scripts and Programming}{}% 15
\BOOKMARK [1][-]{section.2.1}{What is a script?}{chapter.2}% 16
\BOOKMARK [1][-]{section.2.2}{How do we use a scrip?}{chapter.2}% 17
\BOOKMARK [1][-]{section.2.3}{How to write a script?}{chapter.2}% 18
\BOOKMARK [1][-]{section.2.4}{The need to be understandable to people}{chapter.2}% 19
\BOOKMARK [1][-]{section.2.5}{Exercises}{chapter.2}% 20
\BOOKMARK [1][-]{section.2.6}{Functions}{chapter.2}% 21
\BOOKMARK [1][-]{section.2.7}{R built-in functions}{chapter.2}% 22
\BOOKMARK [2][-]{subsection.2.7.1}{Plotting}{section.2.7}% 23
\BOOKMARK [2][-]{subsection.2.7.2}{Fitting linear models}{section.2.7}% 24
\BOOKMARK [1][-]{section.2.8}{Control of execution flow}{chapter.2}% 25
\BOOKMARK [2][-]{subsection.2.8.1}{Conditional execution}{section.2.8}% 26
\BOOKMARK [2][-]{subsection.2.8.2}{Why using vectorized functions and operators is important}{section.2.8}% 27
\BOOKMARK [2][-]{subsection.2.8.3}{Repetition}{section.2.8}% 28
\BOOKMARK [2][-]{subsection.2.8.4}{Nesting}{section.2.8}% 29
\BOOKMARK [1][-]{section.2.9}{Packages}{chapter.2}% 30
\BOOKMARK [0][-]{chapter.3}{Storing and manipulating data with R}{}% 31
\BOOKMARK [1][-]{section.3.1}{Packages used in this chapter}{chapter.3}% 32
\BOOKMARK [1][-]{section.3.2}{Introduction}{chapter.3}% 33
\BOOKMARK [1][-]{section.3.3}{Differences between data.tables and data.frames}{chapter.3}% 34
\BOOKMARK [1][-]{section.3.4}{Using data.frames and data.tables}{chapter.3}% 35
\BOOKMARK [0][-]{chapter.4}{Making publication quality plots with R}{}% 36
\BOOKMARK [1][-]{section.4.1}{Packages used in this chapter}{chapter.4}% 37
\BOOKMARK [1][-]{section.4.2}{Introduction}{chapter.4}% 38
\BOOKMARK [1][-]{section.4.3}{Bases of plotting with ggplot2}{chapter.4}% 39
\BOOKMARK [1][-]{section.4.4}{Adding fitted curves, including splines}{chapter.4}% 40
\BOOKMARK [1][-]{section.4.5}{Adding statistical ``summaries''}{chapter.4}% 41
\BOOKMARK [1][-]{section.4.6}{Plotting functions}{chapter.4}% 42
\BOOKMARK [1][-]{section.4.7}{Plotting text}{chapter.4}% 43
\BOOKMARK [1][-]{section.4.8}{Scales}{chapter.4}% 44
\BOOKMARK [1][-]{section.4.9}{Adding annotations}{chapter.4}% 45
\BOOKMARK [1][-]{section.4.10}{Using facets}{chapter.4}% 46
\BOOKMARK [1][-]{section.4.11}{Plot matrices}{chapter.4}% 47
\BOOKMARK [1][-]{section.4.12}{Circular plots}{chapter.4}% 48
\BOOKMARK [1][-]{section.4.13}{Pie charts vs. bar plots example}{chapter.4}% 49
\BOOKMARK [1][-]{section.4.14}{A classical example about regression}{chapter.4}% 50
\BOOKMARK [1][-]{section.4.15}{Ternary plots}{chapter.4}% 51
\BOOKMARK [1][-]{section.4.16}{Plotting data onto maps}{chapter.4}% 52
\BOOKMARK [1][-]{section.4.17}{Advanced topics}{chapter.4}% 53
\BOOKMARK [1][-]{section.4.18}{Using plotmath expressions}{chapter.4}% 54
\BOOKMARK [2][-]{subsection.4.18.1}{Inset plots using same data}{section.4.18}% 55
\BOOKMARK [2][-]{subsection.4.18.2}{Adding elements using grid}{section.4.18}% 56
\BOOKMARK [1][-]{section.4.19}{Generating output files}{chapter.4}% 57
\BOOKMARK [0][-]{chapter.5}{Further reading about R}{}% 58
\BOOKMARK [1][-]{section.5.1}{Introductory texts}{chapter.5}% 59
\BOOKMARK [1][-]{section.5.2}{Texts on specific aspects}{chapter.5}% 60
\BOOKMARK [1][-]{section.5.3}{Advanced texts}{chapter.5}% 61
\BOOKMARK [1][-]{section.5.4}{Application-specific texts}{chapter.5}% 62
\BOOKMARK [0][-]{appendix.A}{Build information}{}% 63
