\BOOKMARK [0][-]{section*.1}{Contents}{}% 1
\BOOKMARK [0][-]{chapter*.2}{Preface}{}% 2
\BOOKMARK [1][-]{section*.3}{Acknowledgements}{chapter*.2}% 3
\BOOKMARK [0][-]{chapter*.4}{List of abbreviations and symbols}{}% 4
\BOOKMARK [-1][-]{part.1}{Preliminaries}{}% 5
\BOOKMARK [-1][-]{part.2}{Cookbook of calculations}{}% 6
\BOOKMARK [0][-]{chapter.1}{Simple summaries and spectral features}{part.2}% 7
\BOOKMARK [1][-]{section.1.1}{Packages used in this chapter}{chapter.1}% 8
\BOOKMARK [1][-]{section.1.2}{Task: Summaries related to wavelength}{chapter.1}% 9
\BOOKMARK [1][-]{section.1.3}{Task: Find peaks and valleys}{chapter.1}% 10
\BOOKMARK [1][-]{section.1.4}{Task: Refining the location of peaks and valleys}{chapter.1}% 11
\BOOKMARK [1][-]{section.1.5}{Task: }{chapter.1}% 12
\BOOKMARK [-1][-]{part.3}{Catalogue of data sources}{}% 13
\BOOKMARK [-1][-]{part.4}{Data acquisition and modelling}{}% 14
\BOOKMARK [0][-]{chapter.2}{Further reading about R}{part.4}% 15
\BOOKMARK [1][-]{section.2.1}{Introductory texts}{chapter.2}% 16
\BOOKMARK [1][-]{section.2.2}{Texts on specific aspects}{chapter.2}% 17
\BOOKMARK [1][-]{section.2.3}{Advanced texts}{chapter.2}% 18
\BOOKMARK [1][-]{section.2.4}{Application-specific texts}{chapter.2}% 19
\BOOKMARK [0][-]{section*.10}{Bibliography}{part.4}% 20
\BOOKMARK [0][-]{appendix.A}{Build information}{part.4}% 21
